<?xml version="1.0" encoding="UTF-8"?>
<!-- Generated by org.testng.reporters.JUnitReportReporter -->
<testsuite hostname="LAPTOP-JJ6NIKT4" failures="0" tests="1" name="testCases.Tc001_login" time="12.443" errors="0" timestamp="2024-10-07T12:39:48 IST" skipped="0">
  <testcase classname="testCases.Tc001_login" name="logintest" time="12.443"/>
</testsuite> <!-- testCases.Tc001_login -->
