<?xml version="1.0" encoding="UTF-8"?>
<!-- Generated by org.testng.reporters.JUnitReportReporter -->
<testsuite hostname="LAPTOP-JJ6NIKT4" failures="0" tests="1" name="testCases.Tc002searchitem" time="44.488" errors="0" timestamp="2024-10-07T12:39:48 IST" skipped="0">
  <testcase classname="testCases.Tc002searchitem" name="serchitem" time="44.488"/>
</testsuite> <!-- testCases.Tc002searchitem -->
